<?xml version="1.0" encoding="UTF-8"?>
<!-- Generated by org.testng.reporters.JUnitReportReporter -->
<testsuite hostname="DESKTOP-I27NA7P" failures="0" tests="1" name="Logintest" time="178.710" errors="0" timestamp="07 Nov 2022 08:22:54 GMT" skipped="0">
  <testcase classname="Logintest" name="validatelogin" time="178.710"/>
</testsuite> <!-- Logintest -->
