<?xml version="1.0" encoding="UTF-8"?>
<!-- Generated by org.testng.reporters.JUnitReportReporter -->
<testsuite hostname="DESKTOP-I27NA7P" failures="0" tests="1" name="tests.validatecount" time="64.140" errors="0" timestamp="07 Nov 2022 08:02:23 GMT" skipped="0">
  <testcase classname="tests.validatecount" name="validatelogin" time="64.140"/>
</testsuite> <!-- tests.validatecount -->
