<?xml version="1.0" encoding="UTF-8"?>
<!-- Generated by org.testng.reporters.JUnitReportReporter -->
<testsuite hostname="DESKTOP-I27NA7P" failures="0" tests="1" name="Logintestone" time="16.175" errors="0" timestamp="01 Nov 2022 00:56:28 GMT" skipped="0">
  <testcase classname="Logintestone" name="validatelogin" time="16.175"/>
</testsuite> <!-- Logintestone -->
