<?xml version="1.0" encoding="UTF-8"?>
<!-- Generated by org.testng.reporters.JUnitReportReporter -->
<testsuite hostname="DESKTOP-I27NA7P" failures="0" tests="1" name="testrediff" time="6.772" errors="0" timestamp="04 Nov 2022 06:51:35 GMT" skipped="0">
  <testcase classname="testrediff" name="rediff" time="6.772"/>
</testsuite> <!-- testrediff -->
