<?xml version="1.0" encoding="UTF-8"?>
<!-- Generated by org.testng.reporters.JUnitReportReporter -->
<testsuite hostname="DESKTOP-I27NA7P" failures="0" tests="1" name="tests.Validatetext" time="16.579" errors="0" timestamp="07 Nov 2022 09:57:27 GMT" skipped="0">
  <testcase classname="tests.Validatetext" name="validatelogin" time="16.579"/>
</testsuite> <!-- tests.Validatetext -->
