<?xml version="1.0" encoding="UTF-8"?>
<!-- Generated by org.testng.reporters.JUnitReportReporter -->
<testsuite hostname="DESKTOP-I27NA7P" failures="0" tests="1" name="Searchbluetest" time="9.731" errors="0" timestamp="05 Nov 2022 18:02:06 GMT" skipped="0">
  <testcase classname="Searchbluetest" name="validatelogin" time="9.731"/>
</testsuite> <!-- Searchbluetest -->
