<?xml version="1.0" encoding="UTF-8"?>
<!-- Generated by org.testng.reporters.JUnitReportReporter -->
<testsuite hostname="DESKTOP-I27NA7P" failures="0" tests="1" name="tests.Freecrm" time="0.065" errors="0" timestamp="04 Nov 2022 06:06:37 GMT" skipped="0">
  <testcase classname="tests.Freecrm" name="verifytitle" time="0.065"/>
</testsuite> <!-- tests.Freecrm -->
